
Circuit 1 cell sky130_fd_pr__nfet_01v8 and Circuit 2 cell sky130_fd_pr__nfet_01v8 are black boxes.
Warning: Equate pins:  cell sky130_fd_pr__nfet_01v8 is a placeholder, treated as a black box.
Warning: Equate pins:  cell sky130_fd_pr__nfet_01v8 is a placeholder, treated as a black box.

Subcircuit pins:
Circuit 1: sky130_fd_pr__nfet_01v8         |Circuit 2: sky130_fd_pr__nfet_01v8         
-------------------------------------------|-------------------------------------------
1                                          |1                                          
2                                          |2                                          
3                                          |3                                          
4                                          |4                                          
---------------------------------------------------------------------------------------
Cell pin lists are equivalent.
Device classes sky130_fd_pr__nfet_01v8 and sky130_fd_pr__nfet_01v8 are equivalent.

Circuit 1 cell sky130_fd_pr__pfet_01v8_lvt and Circuit 2 cell sky130_fd_pr__pfet_01v8_lvt are black boxes.
Warning: Equate pins:  cell sky130_fd_pr__pfet_01v8_lvt is a placeholder, treated as a black box.
Warning: Equate pins:  cell sky130_fd_pr__pfet_01v8_lvt is a placeholder, treated as a black box.

Subcircuit pins:
Circuit 1: sky130_fd_pr__pfet_01v8_lvt     |Circuit 2: sky130_fd_pr__pfet_01v8_lvt     
-------------------------------------------|-------------------------------------------
1                                          |1                                          
2                                          |2                                          
3                                          |3                                          
4                                          |4                                          
---------------------------------------------------------------------------------------
Cell pin lists are equivalent.
Device classes sky130_fd_pr__pfet_01v8_lvt and sky130_fd_pr__pfet_01v8_lvt are equivalent.

Circuit 1 cell sky130_fd_pr__diode_pw2nd_05v5 and Circuit 2 cell sky130_fd_pr__diode_pw2nd_05v5 are black boxes.
Warning: Equate pins:  cell sky130_fd_pr__diode_pw2nd_05v5 is a placeholder, treated as a black box.
Warning: Equate pins:  cell sky130_fd_pr__diode_pw2nd_05v5 is a placeholder, treated as a black box.

Subcircuit pins:
Circuit 1: sky130_fd_pr__diode_pw2nd_05v5  |Circuit 2: sky130_fd_pr__diode_pw2nd_05v5  
-------------------------------------------|-------------------------------------------
1                                          |1                                          
2                                          |2                                          
---------------------------------------------------------------------------------------
Cell pin lists are equivalent.
Device classes sky130_fd_pr__diode_pw2nd_05v5 and sky130_fd_pr__diode_pw2nd_05v5 are equivalent.

Circuit 1 cell sky130_fd_pr__pnp_05v5_W3p40L3p40 and Circuit 2 cell sky130_fd_pr__pnp_05v5_W3p40L3p40 are black boxes.
Warning: Equate pins:  cell sky130_fd_pr__pnp_05v5_W3p40L3p40 is a placeholder, treated as a black box.
Warning: Equate pins:  cell sky130_fd_pr__pnp_05v5_W3p40L3p40 is a placeholder, treated as a black box.

Subcircuit pins:
Circuit 1: sky130_fd_pr__pnp_05v5_W3p40L3p |Circuit 2: sky130_fd_pr__pnp_05v5_W3p40L3p 
-------------------------------------------|-------------------------------------------
1                                          |1                                          
2                                          |2                                          
3                                          |3                                          
---------------------------------------------------------------------------------------
Cell pin lists are equivalent.
Device classes sky130_fd_pr__pnp_05v5_W3p40L3p40 and sky130_fd_pr__pnp_05v5_W3p40L3p40 are equivalent.

Circuit 1 cell sky130_fd_pr__pfet_01v8 and Circuit 2 cell sky130_fd_pr__pfet_01v8 are black boxes.
Warning: Equate pins:  cell sky130_fd_pr__pfet_01v8 is a placeholder, treated as a black box.
Warning: Equate pins:  cell sky130_fd_pr__pfet_01v8 is a placeholder, treated as a black box.

Subcircuit pins:
Circuit 1: sky130_fd_pr__pfet_01v8         |Circuit 2: sky130_fd_pr__pfet_01v8         
-------------------------------------------|-------------------------------------------
1                                          |1                                          
2                                          |2                                          
3                                          |3                                          
4                                          |4                                          
---------------------------------------------------------------------------------------
Cell pin lists are equivalent.
Device classes sky130_fd_pr__pfet_01v8 and sky130_fd_pr__pfet_01v8 are equivalent.
Flattening unmatched subcell sky130_fd_pr__nfet_01v8_QXBCRM in circuit buffer (0)(3 instances)
Flattening unmatched subcell sky130_fd_pr__pfet_01v8_lvt_B5H3CA in circuit buffer (0)(2 instances)

Subcircuit summary:
Circuit 1: buffer                          |Circuit 2: buffer                          
-------------------------------------------|-------------------------------------------
sky130_fd_pr__nfet_01v8 (3)                |sky130_fd_pr__nfet_01v8 (3)                
sky130_fd_pr__pfet_01v8_lvt (2)            |sky130_fd_pr__pfet_01v8_lvt (2)            
Number of devices: 5                       |Number of devices: 5                       
Number of nets: 7                          |Number of nets: 7                          
---------------------------------------------------------------------------------------
Netlists match uniquely.

Subcircuit pins:
Circuit 1: buffer                          |Circuit 2: buffer                          
-------------------------------------------|-------------------------------------------
output                                     |output                                     
vss                                        |vss                                        
vdd                                        |vdd                                        
vbias                                      |vbias                                      
input                                      |input                                      
---------------------------------------------------------------------------------------
Cell pin lists are equivalent.
Device classes buffer and buffer are equivalent.
Flattening unmatched subcell sky130_fd_pr__diode_pw2nd_05v5_FT76RJ in circuit sky130_od_ip__tempsensor_ext_vp (0)(2 instances)
Flattening unmatched subcell sky130_fd_pr__rf_pnp_05v5_W3p40L3p40 in circuit sky130_od_ip__tempsensor_ext_vp (0)(2 instances)
Flattening unmatched subcell sky130_fd_pr__pfet_01v8_lvt_6VRZAW in circuit sky130_od_ip__tempsensor_ext_vp (0)(1 instance)
Flattening unmatched subcell sky130_fd_pr__pfet_01v8_lvt_3VR9VM in circuit sky130_od_ip__tempsensor_ext_vp (0)(1 instance)
Flattening unmatched subcell sky130_fd_pr__pfet_01v8_3HMWVM in circuit sky130_od_ip__tempsensor_ext_vp (0)(3 instances)
Flattening unmatched subcell sky130_fd_pr__nfet_01v8_69TQ3K in circuit sky130_od_ip__tempsensor_ext_vp (0)(2 instances)
Flattening unmatched subcell sky130_fd_pr__nfet_01v8_QXBCRM in circuit sky130_od_ip__tempsensor_ext_vp (0)(1 instance)

Class sky130_od_ip__tempsensor_ext_vp (0):  Merged 4 parallel devices.
Subcircuit summary:
Circuit 1: sky130_od_ip__tempsensor_ext_vp |Circuit 2: sky130_od_ip__tempsensor_ext_vp 
-------------------------------------------|-------------------------------------------
buffer (2)                                 |buffer (2)                                 
sky130_fd_pr__diode_pw2nd_05v5 (2)         |sky130_fd_pr__diode_pw2nd_05v5 (2)         
sky130_fd_pr__pnp_05v5_W3p40L3p40 (2)      |sky130_fd_pr__pnp_05v5_W3p40L3p40 (2)      
sky130_fd_pr__pfet_01v8_lvt (6->2)         |sky130_fd_pr__pfet_01v8_lvt (6->2)         
sky130_fd_pr__pfet_01v8 (3)                |sky130_fd_pr__pfet_01v8 (3)                
sky130_fd_pr__nfet_01v8 (3)                |sky130_fd_pr__nfet_01v8 (3)                
Number of devices: 14                      |Number of devices: 14                      
Number of nets: 11                         |Number of nets: 11                         
---------------------------------------------------------------------------------------
Resolving symmetries by property value.
Netlists match uniquely.

Subcircuit pins:
Circuit 1: sky130_od_ip__tempsensor_ext_vp |Circuit 2: sky130_od_ip__tempsensor_ext_vp 
-------------------------------------------|-------------------------------------------
vbg                                        |vbg                                        
ena                                        |ena                                        
vss                                        |vss                                        
vdd                                        |vdd                                        
vbe1_out                                   |vbe1_out                                   
vbe2_out                                   |vbe2_out                                   
---------------------------------------------------------------------------------------
Cell pin lists are equivalent.
Device classes sky130_od_ip__tempsensor_ext_vp and sky130_od_ip__tempsensor_ext_vp are equivalent.

Final result: Circuits match uniquely.
.
