
Circuit 1 cell sky130_fd_pr__nfet_01v8 and Circuit 2 cell sky130_fd_pr__nfet_01v8 are black boxes.
Warning: Equate pins:  cell sky130_fd_pr__nfet_01v8 is a placeholder, treated as a black box.
Warning: Equate pins:  cell sky130_fd_pr__nfet_01v8 is a placeholder, treated as a black box.

Subcircuit pins:
Circuit 1: sky130_fd_pr__nfet_01v8         |Circuit 2: sky130_fd_pr__nfet_01v8         
-------------------------------------------|-------------------------------------------
1                                          |1                                          
2                                          |2                                          
3                                          |3                                          
4                                          |4                                          
---------------------------------------------------------------------------------------
Cell pin lists are equivalent.
Device classes sky130_fd_pr__nfet_01v8 and sky130_fd_pr__nfet_01v8 are equivalent.

Circuit 1 cell sky130_fd_pr__pfet_01v8_lvt and Circuit 2 cell sky130_fd_pr__pfet_01v8_lvt are black boxes.
Warning: Equate pins:  cell sky130_fd_pr__pfet_01v8_lvt is a placeholder, treated as a black box.
Warning: Equate pins:  cell sky130_fd_pr__pfet_01v8_lvt is a placeholder, treated as a black box.

Subcircuit pins:
Circuit 1: sky130_fd_pr__pfet_01v8_lvt     |Circuit 2: sky130_fd_pr__pfet_01v8_lvt     
-------------------------------------------|-------------------------------------------
1                                          |1                                          
2                                          |2                                          
3                                          |3                                          
4                                          |4                                          
---------------------------------------------------------------------------------------
Cell pin lists are equivalent.
Device classes sky130_fd_pr__pfet_01v8_lvt and sky130_fd_pr__pfet_01v8_lvt are equivalent.

Circuit 1 cell sky130_fd_pr__pfet_01v8 and Circuit 2 cell sky130_fd_pr__pfet_01v8 are black boxes.
Warning: Equate pins:  cell sky130_fd_pr__pfet_01v8 is a placeholder, treated as a black box.
Warning: Equate pins:  cell sky130_fd_pr__pfet_01v8 is a placeholder, treated as a black box.

Subcircuit pins:
Circuit 1: sky130_fd_pr__pfet_01v8         |Circuit 2: sky130_fd_pr__pfet_01v8         
-------------------------------------------|-------------------------------------------
1                                          |1                                          
2                                          |2                                          
3                                          |3                                          
4                                          |4                                          
---------------------------------------------------------------------------------------
Cell pin lists are equivalent.
Device classes sky130_fd_pr__pfet_01v8 and sky130_fd_pr__pfet_01v8 are equivalent.

Circuit 1 cell sky130_fd_pr__pnp_05v5_W3p40L3p40 and Circuit 2 cell sky130_fd_pr__pnp_05v5_W3p40L3p40 are black boxes.
Warning: Equate pins:  cell sky130_fd_pr__pnp_05v5_W3p40L3p40 is a placeholder, treated as a black box.
Warning: Equate pins:  cell sky130_fd_pr__pnp_05v5_W3p40L3p40 is a placeholder, treated as a black box.

Subcircuit pins:
Circuit 1: sky130_fd_pr__pnp_05v5_W3p40L3p |Circuit 2: sky130_fd_pr__pnp_05v5_W3p40L3p 
-------------------------------------------|-------------------------------------------
1                                          |1                                          
2                                          |2                                          
3                                          |3                                          
---------------------------------------------------------------------------------------
Cell pin lists are equivalent.
Device classes sky130_fd_pr__pnp_05v5_W3p40L3p40 and sky130_fd_pr__pnp_05v5_W3p40L3p40 are equivalent.

Circuit 1 cell sky130_fd_pr__diode_pw2nd_05v5 and Circuit 2 cell sky130_fd_pr__diode_pw2nd_05v5 are black boxes.
Warning: Equate pins:  cell sky130_fd_pr__diode_pw2nd_05v5 is a placeholder, treated as a black box.
Warning: Equate pins:  cell sky130_fd_pr__diode_pw2nd_05v5 is a placeholder, treated as a black box.

Subcircuit pins:
Circuit 1: sky130_fd_pr__diode_pw2nd_05v5  |Circuit 2: sky130_fd_pr__diode_pw2nd_05v5  
-------------------------------------------|-------------------------------------------
1                                          |1                                          
2                                          |2                                          
---------------------------------------------------------------------------------------
Cell pin lists are equivalent.
Device classes sky130_fd_pr__diode_pw2nd_05v5 and sky130_fd_pr__diode_pw2nd_05v5 are equivalent.
Flattening unmatched subcell buffer in circuit sky130_od_ip__tempsensor_ext_vp (1)(2 instances)

Class sky130_od_ip__tempsensor_flat (0):  Merged 4 parallel devices.
Subcircuit summary:
Circuit 1: sky130_od_ip__tempsensor_flat   |Circuit 2: sky130_od_ip__tempsensor_ext_vp 
-------------------------------------------|-------------------------------------------
sky130_fd_pr__pfet_01v8_lvt (10->6)        |sky130_fd_pr__pfet_01v8_lvt (10->6)        
sky130_fd_pr__nfet_01v8 (9)                |sky130_fd_pr__nfet_01v8 (9)                
sky130_fd_pr__pfet_01v8 (3)                |sky130_fd_pr__pfet_01v8 (3)                
sky130_fd_pr__pnp_05v5_W3p40L3p40 (2)      |sky130_fd_pr__pnp_05v5_W3p40L3p40 (2)      
sky130_fd_pr__diode_pw2nd_05v5 (4)         |sky130_fd_pr__diode_pw2nd_05v5 (4)         
Number of devices: 24                      |Number of devices: 24                      
Number of nets: 15                         |Number of nets: 15                         
---------------------------------------------------------------------------------------
NET mismatches: Class fragments follow (with fanout counts):
Circuit 1: sky130_od_ip__tempsensor_flat   |Circuit 2: sky130_od_ip__tempsensor_ext_vp 

---------------------------------------------------------------------------------------
Net: a_1660_n393#                          |Net: vp                                    
  sky130_fd_pr__pfet_01v8/(1|3) = 2        |  sky130_fd_pr__pfet_01v8/(1|3) = 2        
  sky130_fd_pr__pfet_01v8_lvt/2 = 2        |  sky130_fd_pr__pfet_01v8_lvt/2 = 2        
  sky130_fd_pr__nfet_01v8/(1|3) = 1        |  sky130_fd_pr__nfet_01v8/(1|3) = 1        
  sky130_fd_pr__nfet_01v8/2 = 1            |  sky130_fd_pr__nfet_01v8/2 = 1            
---------------------------------------------------------------------------------------

---------------------------------------------------------------------------------------
Net: vss                                   |Net: vss                                   
  sky130_fd_pr__nfet_01v8/(1|3) = 3        |  sky130_fd_pr__nfet_01v8/(1|3) = 3        
  sky130_fd_pr__nfet_01v8/4 = 9            |  sky130_fd_pr__nfet_01v8/4 = 9            
  sky130_fd_pr__pnp_05v5_W3p40L3p40/1 = 2  |  sky130_fd_pr__pnp_05v5_W3p40L3p40/1 = 2  
  sky130_fd_pr__pnp_05v5_W3p40L3p40/2 = 2  |  sky130_fd_pr__pnp_05v5_W3p40L3p40/2 = 2  
  sky130_fd_pr__diode_pw2nd_05v5/1 = 4     |  sky130_fd_pr__diode_pw2nd_05v5/1 = 4     
---------------------------------------------------------------------------------------

---------------------------------------------------------------------------------------
Net: ena                                   |Net: ena                                   
  sky130_fd_pr__nfet_01v8/2 = 3            |  sky130_fd_pr__nfet_01v8/2 = 3            
  sky130_fd_pr__pfet_01v8/2 = 1            |  sky130_fd_pr__pfet_01v8/2 = 1            
  sky130_fd_pr__diode_pw2nd_05v5/2 = 1     |  sky130_fd_pr__diode_pw2nd_05v5/2 = 1     
---------------------------------------------------------------------------------------

---------------------------------------------------------------------------------------
Net: vdd                                   |Net: vdd                                   
  sky130_fd_pr__pfet_01v8_lvt/(1|3) = 6    |  sky130_fd_pr__pfet_01v8_lvt/(1|3) = 6    
  sky130_fd_pr__pfet_01v8_lvt/4 = 6        |  sky130_fd_pr__pfet_01v8_lvt/4 = 6        
  sky130_fd_pr__pfet_01v8/(1|3) = 3        |  sky130_fd_pr__pfet_01v8/(1|3) = 3        
  sky130_fd_pr__pfet_01v8/4 = 3            |  sky130_fd_pr__pfet_01v8/4 = 3            
---------------------------------------------------------------------------------------
Netlists do not match.

Subcircuit pins:
Circuit 1: sky130_od_ip__tempsensor_flat   |Circuit 2: sky130_od_ip__tempsensor_ext_vp 
-------------------------------------------|-------------------------------------------
vbg                                        |vbg                                        
vss                                        |vss                                        
ena                                        |ena                                        
vdd                                        |vdd                                        
Cell pin lists are equivalent.
Device classes sky130_od_ip__tempsensor_flat and sky130_od_ip__tempsensor_ext_vp are equivalent.

Final result: Netlists do not match.
